[00:13:56] [Server thread/INFO]: Saving the game (this may take a moment!)
[00:13:56] [Server thread/INFO]: Saved the game
[08:31:35] [User Authenticator #30/INFO]: UUID of player PazcoLovesYa is 14784e9b-52c4-42a3-b477-3716ef67d076
[08:31:35] [Server thread/INFO]: PazcoLovesYa joined the game
[08:31:35] [Server thread/INFO]: PazcoLovesYa[/27.252.198.26:54202] logged in with entity id 107995 at ([world]-291.9197697832352, 69.0, -239.15969327303674)
[09:24:21] [Server thread/INFO]: PazcoLovesYa has completed the challenge [Sniper Duel]
[09:44:06] [Server thread/INFO]: PazcoLovesYa was slain by Phantom
[09:54:18] [Server thread/INFO]: PazcoLovesYa fell from a high place
[09:57:51] [User Authenticator #31/INFO]: UUID of player dahrns is aa0b8828-56f9-4b5d-b6e2-b13dbe623f7b
[09:57:51] [Server thread/INFO]: dahrns joined the game
[09:57:51] [Server thread/INFO]: dahrns[/101.179.43.227:49401] logged in with entity id 122542 at ([world]-265.2446393742109, 92.0, -112.20849072424917)
[10:06:31] [User Authenticator #32/INFO]: UUID of player fabe_ is b416adc3-ade6-4912-a4c6-3a0e2b6eed89
[10:06:31] [Server thread/INFO]: fabe_ joined the game
[10:06:31] [Server thread/INFO]: fabe_[/137.226.217.22:53465] logged in with entity id 124374 at ([world]-290.5, 65.0000002, -210.5)
[10:06:37] [Server thread/INFO]: dahrns fell from a high place
[10:10:22] [Server thread/INFO]: fabe_ issued server command: /weather clear
[10:10:22] [Server thread/INFO]: [fabe_: Set the weather to clear]
[10:11:27] [Async Chat Thread - #44/INFO]: <fabe_> are you happy with the 8 hours and only in general, darcy?
[10:14:07] [Server thread/INFO]: dahrns lost connection: Disconnected
[10:14:07] [Server thread/INFO]: dahrns left the game
[10:15:48] [Server thread/INFO]: fabe_ issued server command: /weather clear
[10:15:48] [Server thread/INFO]: [fabe_: Set the weather to clear]
[10:15:48] [Server thread/INFO]: PazcoLovesYa lost connection: Disconnected
[10:15:48] [Server thread/INFO]: PazcoLovesYa left the game
[10:17:22] [Server thread/INFO]: fabe_ lost connection: Disconnected
[10:17:22] [Server thread/INFO]: fabe_ left the game
[11:51:24] [Server thread/INFO]: There are 0 of a max of 25 players online: 
[11:51:34] [Server thread/INFO]: Saving the game (this may take a moment!)
[11:51:34] [Server thread/INFO]: Saved the game
